n/up_log_93817.png
n/up_log_93715.png
n/up_log_92873.png
n/up_log_92704.png
n/up_log_92569.png
n/up_log_92434.png
n/up_log_92400.png
n/up_log_92366.png
n/up_log_91591.png
n/up_log_91489.png
n/up_log_91455.png
n/up_log_91321.png
n/up_log_91219.png
n/up_log_91186.png
n/up_log_90950.png
n/up_log_90848.png
n/up_log_90747.png
n/up_log_90714.png
n/up_log_90612.png
n/up_log_90511.png
n/up_log_90477.png
n/up_log_90342.png
n/up_log_90309.png
n/up_log_90275.png
n/up_log_90140.png
n/up_log_90106.png
n/up_log_89870.png
n/up_log_89972.png
n/up_log_89836.png
n/up_log_89735.png
n/up_log_89634.png
n/up_log_89600.png
n/up_log_89499.png
n/up_log_89398.png
n/up_log_89364.png
n/up_log_89263.png
n/up_log_89229.png
n/up_log_89128.png
n/up_log_89027.png
n/up_log_88993.png
n/up_log_88858.png
n/up_log_88757.png
n/up_log_83900.png
n/up_log_83798.png
n/up_log_81910.png
n/up_log_81808.png
n/up_log_81775.png
n/up_log_81673.png
n/up_log_81640.png
n/up_log_81538.png
n/up_log_81505.png
n/up_log_81404.png
n/up_log_81370.png
n/up_log_81269.png
n/up_log_80257.png
n/up_log_80223.png
n/up_log_80122.png
n/up_log_80088.png
n/up_log_80054.png
n/up_log_79953.png
n/up_log_79919.png
n/up_log_79616.png
n/up_log_79481.png
n/up_log_79447.png
n/up_log_79312.png
n/up_log_79278.png
n/up_log_79177.png
n/up_log_78267.png
n/up_log_76074.png
n/up_log_76040.png
n/up_log_76007.png
n/up_log_75905.png
n/up_log_75770.png
n/up_log_75669.png
n/up_log_75635.png
n/up_log_75332.png
n/up_log_75231.png
n/up_log_75130.png
n/up_log_74893.png
n/up_log_75028.png
n/up_log_74758.png
n/up_log_74489.png
n/up_log_72768.png
n/up_log_72364.png
n/up_log_72229.png
n/up_log_70913.png
n/up_log_66663.png
n/up_log_66562.png
n/up_log_66056.png
n/up_log_66157.png
n/up_log_66022.png
n/up_log_65988.png
n/up_log_65786.png
n/up_log_65887.png
n/up_log_65752.png
n/up_log_65550.png
n/up_log_65617.png
n/up_log_60996.png
n/up_log_60962.png
n/up_log_59681.png
n/up_log_59647.png
n/up_log_59512.png
n/up_log_58770.png
n/up_log_57252.png
n/up_log_57218.png
n/up_log_57117.png
n/up_log_57083.png
n/up_log_57050.png
n/up_log_56038.png
n/up_log_56004.png
n/up_log_55835.png
n/up_log_55801.png
n/up_log_55667.png
n/up_log_55633.png
n/up_log_55532.png
n/up_log_55498.png
n/up_log_55397.png
n/up_log_55363.png
n/up_log_55262.png
n/up_log_55161.png
n/up_log_55127.png
n/up_log_55026.png
n/up_log_51349.png
n/up_log_51248.png
n/up_log_51214.png
n/up_log_51079.png
n/up_log_50843.png
n/up_log_46458.png
n/up_log_46289.png
n/up_log_46188.png
n/up_log_46154.png
n/up_log_46053.png
n/up_log_45918.png
n/up_log_45817.png
n/up_log_45783.png
n/up_log_45682.png
n/up_log_45648.png
n/up_log_45547.png
n/up_log_45514.png
n/up_log_45412.png
n/up_log_45378.png
n/up_log_45345.png
n/up_log_45244.png
n/up_log_45210.png
n/up_log_45109.png
n/up_log_45075.png
n/up_log_44974.png
n/up_log_44940.png
n/up_log_44839.png
n/up_log_42613.png
n/up_log_42579.png
n/up_log_42478.png
n/up_log_42444.png
n/up_log_42343.png
n/up_log_42309.png
n/up_log_42208.png
n/up_log_42174.png
n/up_log_42073.png
n/up_log_42039.png
n/up_log_41938.png
n/up_log_41904.png
n/up_log_41803.png
n/up_log_41702.png
n/up_log_41668.png
n/up_log_41634.png
n/up_log_41499.png
n/up_log_41466.png
n/up_log_41432.png
n/up_log_41297.png
n/up_log_41263.png
n/up_log_41230.png
n/up_log_39442.png
n/up_log_39408.png
n/up_log_39374.png
n/up_log_39273.png
n/up_log_39206.png
n/up_log_39172.png
n/up_log_39071.png
n/up_log_267263.png
n/up_log_262878.png
n/up_log_261832.png
n/up_log_261799.png
n/up_log_261461.png
n/up_log_261428.png
n/up_log_261326.png
n/up_log_261191.png
n/up_log_261090.png
n/up_log_260955.png
n/up_log_260787.png
n/up_log_260686.png
n/up_log_260652.png
n/up_log_260550.png
n/up_log_260416.png
n/up_log_260382.png
n/up_log_259471.png
n/up_log_259437.png
n/up_log_259336.png
n/up_log_254681.png
n/up_log_254648.png
n/up_log_254378.png
n/up_log_254344.png
n/up_log_252590.png
n/up_log_252725.png
n/up_log_251005.png
n/up_log_250836.png
n/up_log_250802.png
n/up_log_243955.png
n/up_log_243921.png
n/up_log_243786.png
n/up_log_234442.png
n/up_log_234342.png
n/up_log_230125.png
n/up_log_230091.png
n/up_log_229889.png
n/up_log_229788.png
n/up_log_229754.png
n/up_log_229484.png
n/up_log_229619.png
n/up_log_229248.png
n/up_log_229282.png
n/up_log_227325.png
n/up_log_227022.png
n/up_log_226920.png
n/up_log_226651.png
n/up_log_225571.png
n/up_log_225470.png
n/up_log_225369.png
n/up_log_223210.png
n/up_log_223176.png
n/up_log_223075.png
n/up_log_223041.png
n/up_log_222906.png
n/up_log_220039.png
n/up_log_220005.png
n/up_log_215722.png
n/up_log_215553.png
n/up_log_215688.png
n/up_log_214305.png
n/up_log_214204.png
n/up_log_214069.png
n/up_log_214035.png
n/up_log_213935.png
n/up_log_213833.png
n/up_log_213799.png
n/up_log_213630.png
n/up_log_213597.png
n/up_log_213563.png
n/up_log_213259.png
n/up_log_213360.png
n/up_log_209077.png
n/up_log_208942.png
n/up_log_208908.png
n/up_log_201352.png
n/up_log_201318.png
n/up_log_200576.png
n/up_log_200475.png
n/up_log_200441.png
n/up_log_200374.png
n/up_log_200273.png
n/up_log_200239.png
n/up_log_200037.png
n/up_log_199935.png
n/up_log_199902.png
n/up_log_199868.png
n/up_log_199598.png
n/up_log_199564.png
n/up_log_196023.png
n/up_log_195449.png
n/up_log_194910.png
n/up_log_192481.png
n/up_log_192447.png
n/up_log_192413.png
n/up_log_192278.png
n/up_log_192177.png
n/up_log_192076.png
n/up_log_191806.png
n/up_log_191537.png
n/up_log_191368.png
n/up_log_191334.png
n/up_log_188500.png
n/up_log_188231.png
n/up_log_187961.png
n/up_log_187927.png
n/up_log_185431.png
n/up_log_180101.png
n/up_log_179798.png
n/up_log_179933.png
n/up_log_179663.png
n/up_log_179494.png
n/up_log_179393.png
n/up_log_179258.png
n/up_log_179292.png
n/up_log_179123.png
n/up_log_178988.png
n/up_log_178752.png
n/up_log_178179.png
n/up_log_178077.png
n/up_log_176155.png
n/up_log_175817.png
n/up_log_175413.png
n/up_log_161685.png
n/up_log_161718.png
n/up_log_161549.png
n/up_log_161009.png
n/up_log_160976.png
n/up_log_160773.png
n/up_log_160740.png
n/up_log_160402.png
n/up_log_159593.png
n/up_log_159390.png
n/up_log_156186.png
n/up_log_156017.png
n/up_log_155983.png
n/up_log_155950.png
n/up_log_155849.png
n/up_log_155815.png
n/up_log_155612.png
n/up_log_155511.png
n/up_log_155477.png
n/up_log_154668.png
n/up_log_154634.png
n/up_log_154533.png
n/up_log_154499.png
n/up_log_154398.png
n/up_log_154364.png
n/up_log_154263.png
n/up_log_154162.png
n/up_log_154027.png
n/up_log_154128.png
n/up_log_153723.png
n/up_log_153386.png
n/up_log_153352.png
n/up_log_132911.png
n/up_log_127683.png
n/up_log_126907.png
n/up_log_125221.png
n/up_log_124917.png
n/up_log_115202.png
n/up_log_113853.png
n/up_log_113819.png
n/up_log_113651.png
n/up_log_113347.png
n/up_log_113313.png
n/up_log_113178.png
n/up_log_113010.png
n/up_log_112976.png
n/up_log_112875.png
n/up_log_112774.png
n/up_log_112740.png
n/up_log_112605.png
n/up_log_112571.png
n/up_log_112470.png
n/up_log_112403.png
n/up_log_112369.png
n/up_log_112167.png
n/up_log_112133.png
n/up_log_112032.png
n/up_log_111930.png
n/up_log_111897.png
n/up_log_111795.png
n/up_log_111762.png
n/up_log_111661.png
n/up_log_111559.png
n/up_log_111492.png
n/up_log_111391.png
n/up_log_107984.png
n/up_log_107646.png
n/up_log_107613.png
n/up_log_107410.png
n/up_log_106769.png
n/up_log_106668.png
n/up_log_106635.png
n/up_log_106500.png
n/up_log_105117.png
n/up_log_104847.png
n/up_log_104948.png
n/up_log_104712.png
n/up_log_104509.png
n/up_log_104307.png
n/up_log_104408.png
n/up_log_104273.png
n/up_log_104105.png
n/up_log_103801.png
n/up_log_103970.png
n/up_log_103632.png
n/up_log_103059.png
n/up_log_90333.png
n/up_log_90231.png
n/up_log_90096.png
n/up_log_90063.png
n/up_log_89962.png
n/up_log_89827.png
n/up_log_89928.png
n/up_log_89793.png
n/up_log_89692.png
n/up_log_89624.png
n/up_log_89590.png
n/up_log_89456.png
n/up_log_89422.png
n/up_log_89388.png
n/up_log_89287.png
n/up_log_87938.png
n/up_log_87904.png
n/up_log_87870.png
n/up_log_87668.png
n/up_log_87769.png
n/up_log_85408.png
n/up_log_85340.png
n/up_log_85205.png
n/up_log_82979.png
n/up_log_82844.png
n/up_log_82810.png
n/up_log_80921.png
n/up_log_80483.png
n/up_log_79235.png
n/up_log_79134.png
n/up_log_79032.png
n/up_log_78999.png
n/up_log_78898.png
n/up_log_78729.png
n/up_log_78594.png
n/up_log_78560.png
n/up_log_77683.png
n/up_log_77818.png
n/up_log_77582.png
n/up_log_77380.png
n/up_log_75963.png
n/up_log_75524.png
n/up_log_75120.png
n/up_log_75052.png
n/up_log_74850.png
n/up_log_72387.png
n/up_log_72354.png
n/up_log_72252.png
n/up_log_72084.png
n/up_log_72050.png
n/up_log_54138.png
n/up_log_44221.png
n/up_log_43918.png
n/up_log_44086.png
n/up_log_41219.png
n/up_log_275452.png
n/up_log_275283.png
n/up_log_275317.png
n/up_log_275182.png
n/up_log_274980.png
n/up_log_275013.png
n/up_log_274845.png
n/up_log_274710.png
n/up_log_274811.png
n/up_log_274508.png
n/up_log_274103.png
n/up_log_273867.png
n/up_log_271607.png
n/up_log_271708.png
n/up_log_271573.png
n/up_log_271438.png
n/up_log_271236.png
n/up_log_271269.png
n/up_log_267930.png
n/up_log_264961.png
n/up_log_264995.png
n/up_log_261318.png
n/up_log_241349.png
n/up_log_240675.png
n/up_log_240641.png
n/up_log_239933.png
n/up_log_239899.png
n/up_log_239798.png
n/up_log_237234.png
n/up_log_237065.png
n/up_log_237032.png
n/up_log_236930.png
n/up_log_236795.png
n/up_log_226237.png
n/up_log_226069.png
n/up_log_226035.png
n/up_log_226001.png
n/up_log_225833.png
n/up_log_224180.png
n/up_log_224045.png
n/up_log_223741.png
n/up_log_208832.png
n/up_log_207955.png
n/up_log_206875.png
n/up_log_206842.png
n/up_log_206808.png
n/up_log_206639.png
n/up_log_206606.png
n/up_log_206572.png
n/up_log_206370.png
n/up_log_206235.png
n/up_log_206201.png
n/up_log_206167.png
n/up_log_206032.png
n/up_log_205965.png
n/up_log_205998.png
n/up_log_205796.png
n/up_log_205762.png
n/up_log_205695.png
n/up_log_205425.png
n/up_log_205256.png
n/up_log_204143.png
n/up_log_204110.png
n/up_log_202693.png
n/up_log_202592.png
n/up_log_202558.png
n/up_log_202457.png
n/up_log_202322.png
n/up_log_202086.png
n/up_log_201580.png
n/up_log_201478.png
n/up_log_201377.png
n/up_log_201344.png
n/up_log_201242.png
n/up_log_201209.png
n/up_log_201107.png
n/up_log_201074.png
n/up_log_200972.png
n/up_log_199151.png
n/up_log_197937.png
n/up_log_197835.png
n/up_log_197633.png
n/up_log_197532.png
n/up_log_197431.png
n/up_log_197329.png
n/up_log_197296.png
n/up_log_197161.png
n/up_log_197026.png
n/up_log_191966.png
n/up_log_191932.png
n/up_log_191629.png
n/up_log_191528.png
n/up_log_190178.png
n/up_log_185119.png
n/up_log_169130.png
n/up_log_133509.png
n/up_log_133138.png
n/up_log_132733.png
n/up_log_129765.png
n/up_log_129731.png
n/up_log_129461.png
n/up_log_129191.png
n/up_log_129225.png
n/up_log_128820.png
n/up_log_124941.png
n/up_log_123120.png
n/up_log_123019.png
n/up_log_122782.png
n/up_log_122749.png
n/up_log_122648.png
n/up_log_122445.png
n/up_log_122411.png
n/up_log_122276.png
n/up_log_122142.png
n/up_log_122108.png
n/up_log_122007.png
n/up_log_121872.png
n/up_log_121770.png
n/up_log_121669.png
n/up_log_121602.png
n/up_log_121501.png
n/up_log_121366.png
n/up_log_121332.png
n/up_log_121197.png
n/up_log_121163.png
n/up_log_121062.png
n/up_log_120927.png
n/up_log_120893.png
n/up_log_120792.png
n/up_log_120691.png
n/up_log_120657.png
n/up_log_120556.png
n/up_log_120522.png
n/up_log_120421.png
n/up_log_119510.png
n/up_log_118971.png
n/up_log_118903.png
n/up_log_114451.png
n/up_log_111516.png
n/up_log_108615.png
n/up_log_108581.png
n/up_log_107772.png
n/up_log_107367.png
n/up_log_106524.png
n/up_log_106557.png
n/up_log_106153.png
n/up_log_106018.png
n/up_log_105917.png
n/up_log_105883.png
n/up_log_103555.png
n/up_log_103522.png
n/up_log_102678.png
n/up_log_102577.png
n/up_log_101160.png
n/up_log_101127.png
n/up_log_100553.png
n/up_log_100520.png
n/log_758775.png
n/log_757189.png
n/log_439272.png
n/log_439474.png
n/log_438664.png
n/log_438934.png
n/log_416874.png
n/log_417178.png
n/log_363950.png
n/log_363444.png
n/log_363680.png
n/log_359699.png
n/log_359430.png
n/log_357338.png
n/log_357676.png
n/log_348197.png
n/log_348366.png
n/log_348568.png
n/log_348838.png
n/log_348062.png
n/log_342699.png
n/log_343070.png
n/log_314364.png
n/log_293147.png
n/log_293417.png
n/log_285322.png
n/log_285625.png
n/log_173840.png
n/log_173401.png
n/log_173604.png
n/log_172659.png
n/log_172828.png
n/log_173098.png
n/log_170298.png
n/log_170736.png
n/log_163315.png
n/log_153331.png
n/log_153567.png
n/log_142672.png
n/log_143009.png
n/log_131777.png
n/log_86172.png
n/log_91974.png
n/log_84856.png
n/log_85396.png
n/log_85632.png
n/log_83642.png
n/log_83844.png
n/log_84114.png
n/log_84418.png
n/log_84620.png
n/log_82866.png
n/log_83069.png
n/log_83305.png
n/log_76525.png
n/log_76727.png
n/log_76187.png
n/log_75918.png
n/log_65225.png
n/log_64887.png
n/log_62560.png
n/log_63066.png
n/log_62290.png
n/log_62121.png
n/log_60806.png
n/log_55544.png
n/log_55746.png
n/log_56016.png
n/log_54970.png
n/log_55240.png
n/log_52879.png
n/log_51462.png
n/log_51665.png
n/log_52103.png
n/log_52440.png
n/log_52643.png
n/log_51125.png
n/log_50349.png
n/log_50686.png
n/log_50889.png
n/log_50079.png
n/log_48797.png
n/log_49135.png
n/log_49337.png
n/log_49573.png
n/log_49911.png
n/log_48561.png
n/log_48359.png
n/img_866.png
n/img_583.png
n/img_029.png
n/img_3610_bis.png
n/img_2535.png
n/img_1062.png
n/img_472.png
n/img_2300.png
n/img_865.png
n/img_2846.png
n/img_2301_bis.png
n/img_090.png
n/img_830_bis.png
n/img_2711.png
n/img_2794.png
n/img_2521.png
n/img_529.png
n/img_1761.png
n/img_466.png
n/img_271.png
n/img_2538.png
n/img_458.png
n/img_517.png
n/img_538.png
n/img_450.png
n/img_443.png
n/img_584.png
n/img_091.png
n/img_471.png
n/img_537.png
n/img_1230.png
n/img_2694.png
n/img_1008.png
n/img_1130.png
n/img_2769.png
n/img_2963.png
n/img_1218.png
n/img_2725.png
n/img_1082.png
n/img_1331_bis.png
n/img_1109.png
n/img_1205.png
n/img_496.png
n/img_1903.png
n/img_1738.png
n/img_475.png
n/img_129.png
n/img_2965.png
n/img_3597_bis.png
n/img_2851.png
n/img_101.png
n/img_2887.png
n/img_599.png
n/img_1011.png
n/img_1326.png
n/img_534.png
n/img_990.png
n/img_433.png
n/img_1066.png
n/img_3500.png
n/img_491.png
n/img_3609.png
n/img_965_bis.png
n/img_2847.png
n/img_870.png
n/img_1065.png
n/img_3571_bis.png
n/img_867.png
n/img_885.png
n/img_024.png
n/img_593.png
n/img_589.png
n/img_964.png
n/img_465.png
n/img_816.png
n/img_3568.png
n/img_032.png
n/img_1016.png
n/img_1070_bis.png
n/img_1194.png
n/img_493.png
n/img_158_bis.png
n/img_998.png
n/img_089.png
n/img_814.png
n/img_817_bis.png
n/img_1067.png
n/img_989.png
n/img_810.png
n/img_2793.png
n/img_3616_bis.png
n/img_033.png
n/img_1000.png
n/img_104.png
n/img_286.png
n/img_478_bis.png
n/img_1785.png
n/img_572.png
n/img_992.png
n/img_3594.png
n/img_486.png
n/img_1061.png
n/img_459.png
n/img_921.png
n/img_543.png
n/img_994.png
n/img_811.png
n/img_262.png
n/img_1009.png
n/img_547.png
n/img_501.png
n/img_488.png
n/img_1220.png
n/img_1907.png
n/img_1760.png
n/img_1740.png
n/img_1784.png
n/img_3471.png
n/img_2709.png
n/img_2288.png
n/img_2826.png
n/img_2766.png
n/img_2420.png
n/img_2536.png
n/img_2539.png
n/img_2537.png
n/img_2792.png
n/img_2768.png
n/img_435.png
n/img_1004.png
n/img_507.png
n/img_1002.png
n/img_555.png
n/img_454.png
n/img_445.png
n/img_821_bis.png
n/img_950.png
n/img_919.png
n/img_469.png
n/img_951.png
n/img_1816.png
n/img_1904.png
n/img_1327.png
n/img_2353.png
n/img_2497.png
n/img_2954.png
n/img_3613_bis.png
n/img_2827.png
n/img_3511.png
n/img_3607_bis.png
n/img_3615_bis.png
n/img_000.png
n/img_1810.png
n/img_2367.png
n/img_2276.png
n/img_2102.png
n/img_2307.png
n/img_1305.png
n/img_132.png
n/img_2193.png
n/img_060.png
n/img_2584.png
n/img_1018.png
n/img_1308.png
n/img_1279.png
n/img_2361.png
n/img_250.png
n/img_2268.png
n/img_1888.png
n/img_167.png
n/img_1280.png
n/img_2365.png
n/img_179.png
n/img_2303.png
n/img_130.png
n/img_1318.png
n/img_2481.png
n/img_1315.png
n/img_1371.png
n/img_061.png
n/img_2380.png
n/img_1797.png
n/img_1639.png
n/img_2482.png
n/img_1071.png
n/img_2359.png
n/img_1644.png
n/img_1043.png
n/img_2315.png
n/img_1289.png
n/img_131.png
n/img_1802.png
n/img_2381.png
n/img_1855.png
n/img_1813.png
n/img_125.png
n/img_1382.png
n/img_1792.png
n/img_1982.png
n/img_1798.png
n/img_1886.png
n/img_1303.png
n/img_1325.png
n/img_1541.png
n/img_1971.png
n/img_1314.png
n/img_1284.png
n/img_1300.png
n/img_1542.png
n/img_1324.png
n/img_1640.png
n/img_1060.png
n/img_1295.png
n/img_1074.png
n/img_1330.png
n/img_2301.png
n/img_1367.png
n/img_2317.png
n/img_2182.png
n/img_1801.png
n/img_1809.png
n/img_1285.png
n/img_2247.png
n/img_1055.png
n/img_1309.png
n/img_1070.png
n/img_1455.png
n/img_1790.png
n/img_1304.png
n/img_2495.png
n/img_2496.png
n/img_1365.png
n/img_1388.png
n/img_1294.png
n/img_1343.png
n/img_1833.png
n/img_158.png
n/img_2492.png
n/img_1310.png
n/img_2076.png
n/img_1395.png
n/img_002.png
n/img_2414.png
n/img_2278.png
n/img_1038.png
n/img_122.png
n/img_2512.png
n/img_1536.png
n/img_1791.png
n/img_2416.png
n/img_1642.png
n/img_2472.png
n/img_1857.png
n/img_1022.png
n/img_2299.png
n/img_1290.png
n/img_2287.png
n/img_1299.png
n/img_1383.png
n/img_2825.png
n/img_1313.png
n/img_1410.png
n/img_1862.png
n/img_1543.png
n/img_2137.png
n/img_249.png
n/img_1331.png
n/img_1831.png
n/img_2417.png
n/img_1612.png
n/img_127.png
n/img_2363.png
n/img_1915.png
n/img_2476.png
n/img_1394.png
n/img_1795.png
n/img_1945.png
n/img_2383.png
n/img_126.png
n/img_1293.png
n/img_1967.png
n/img_1947.png
n/img_1991.png
n/img_1990.png
n/img_1949.png
n/img_1970.png
n/img_1992.png
n/img_1981.png
n/img_1985.png
n/img_2047.png
n/img_1980.png
n/img_2040.png
n/img_2065.png
n/img_2075.png
n/img_2066.png
n/img_2103.png
n/img_2077.png
n/img_2158.png
n/img_2132.png
n/img_2111.png
n/img_2130.png
n/img_2133.png
n/img_2136.png
n/img_2138.png
n/img_2154.png
n/img_2157.png
n/img_2169.png
n/img_2178.png
n/img_2162.png
n/img_2172.png
n/img_2163.png
n/img_2177.png
n/img_2173.png
n/img_2179.png
n/img_2187.png
n/img_2183.png
n/img_2188.png
n/img_2241.png
n/img_2192.png
n/img_2212.png
n/img_2214.png
n/img_2251.png
n/img_2215.png
n/img_2233.png
n/img_2249.png
n/img_251.png
n/img_2263.png
n/img_2266.png
n/img_2572.png
n/img_2592.png
n/img_2510.png
n/img_2565.png
n/img_2568.png
n/img_2616.png
n/img_2610.png
n/img_2609.png
n/img_2834.png
n/img_2801.png
n/img_2820.png
n/img_2617.png
n/img_2611.png
n/img_2796.png
n/img_2798.png
n/img_2818.png
n/img_2802.png
n/img_2797.png
n/img_2806.png
n/img_2823.png
n/img_2815.png
n/img_2803.png
n/img_2828.png
n/img_2833.png
n/img_299.png
n/img_2955.png
n/img_3126.png
n/img_3669.png
n/img_415.png
n/img_3082.png
n/img_818.png
n/img_2922.png
n/img_848.png
n/img_3727.png
n/img_3125.png
n/img_3076.png
n/img_754.png
n/img_2918.png
n/img_2946.png
n/img_2909.png
n/img_296.png
n/img_708.png
n/img_295.png
n/img_3086.png
n/img_291.png
n/img_2924.png
n/img_906.png
n/img_805.png
n/img_2913.png
n/img_2950.png
n/img_711.png
n/img_2912.png
n/img_702.png
n/img_3686.png
n/img_817.png
n/img_3631.png
n/img_2933.png
n/img_738.png
n/img_3453.png
n/img_383.png
n/img_949.png
n/img_830.png
n/img_779.png
n/img_3644.png
n/img_763.png
n/img_311.png
n/img_2914.png
n/img_2953.png
n/img_3078.png
n/img_3083.png
n/img_2949.png
n/img_722.png
n/img_2923.png
n/img_2932.png
n/img_294.png
n/img_304.png
n/img_2956.png
n/img_301.png
n/img_300.png
n/img_440.png
n/img_306.png
n/img_821.png
n/img_3081.png
n/img_787.png
n/img_3087.png
n/img_3131.png
n/img_3132.png
n/img_492.png
n/img_3464.png
n/img_342.png
n/img_3719.png
n/img_3137.png
n/img_3135.png
n/img_3729.png
n/img_3458.png
n/img_3720.png
n/img_3670.png
n/img_316.png
n/img_713.png
n/img_326.png
n/img_3724.png
n/img_3317.png
n/img_907.png
n/img_332.png
n/img_3459.png
n/img_807.png
n/img_751.png
n/img_3318.png
n/img_3322.png
n/img_3327.png
n/img_3323.png
n/img_3498.png
n/img_3707.png
n/img_3472.png
n/img_3335.png
n/img_3725.png
n/img_3336.png
n/img_3462.png
n/img_3339.png
n/img_414.png
n/img_3338.png
n/img_520.png
n/img_337.png
n/img_3449.png
n/img_743.png
n/img_697.png
n/img_712.png
n/img_3454.png
n/img_2553.png
n/img_3457.png
n/img_3700.png
n/img_916.png
n/img_742.png
n/img_871.png
n/img_703.png
n/img_721.png
n/img_3463.png
n/img_447.png
n/img_3601.png
n/img_3684.png
n/img_3467.png
n/img_3468.png
n/img_3619.png
n/img_3673.png
n/img_806.png
n/img_3469.png
n/img_2286.png
n/img_3473.png
n/img_3550.png
n/img_521.png
n/img_823.png
n/img_3474.png
n/img_3704.png
n/img_522.png
n/img_701.png
n/img_965.png
n/img_952.png
n/img_3722.png
n/img_698.png
n/img_3477.png
n/img_3478.png
n/img_3492.png
n/img_3493.png
n/img_3497.png
n/img_3508.png
n/img_3507.png
n/img_3513.png
n/img_3509.png
n/img_3512.png
n/img_3549.png
n/img_3518.png
n/img_3551.png
n/img_3554.png
n/img_3555.png
n/img_3556.png
n/img_357.png
n/img_3570.png
n/img_3595.png
n/img_3569.png
n/img_3571.png
n/img_3597.png
n/img_3602.png
n/img_3598.png
n/img_3603.png
n/img_3612.png
n/img_3606.png
n/img_3605.png
n/img_3610.png
n/img_3607.png
n/img_3611.png
n/img_3615.png
n/img_3617.png
n/img_3616.png
n/img_3622.png
n/img_3620.png
n/img_3621.png
n/img_3630.png
n/img_3627.png
n/img_3626.png
n/img_3640.png
n/img_3625.png
n/img_3634.png
n/img_3635.png
n/img_3632.png
n/img_3636.png
n/img_3639.png
n/img_3652.png
n/img_3641.png
n/img_3663.png
n/img_3653.png
n/img_3650.png
n/img_2525.png
n/img_3664.png
n/img_3656.png
n/img_478.png
n/img_2522.png
n/img_2532.png
n/img_3665.png
n/img_973.png
n/img_2516.png
n/img_815.png
n/img_2552.png
n/img_2523.png
n/img_2550.png
n/amy_20150326_default_041.png
n/mrswolowitz_20150520_projektraum_041.png
n/leonard_20150305_default_015.png
n/SPQR_Upper_200.png
n/leonard_20150617_default_092.png
n/SPQR_Upper_411.png
n/mrswolowitz_20150520_projektraum_031.png
n/whilwheaton_20150617_default_077.png
n/alex_20150305_default_083.png
n/alex_20150305_default_028.png
n/amy_20150326_default_043.png
n/leonard_20150617_default_054.png
n/alex_20150305_default_031.png
n/alex_20150305_default_021.png
n/mrswolowitz_20150520_projektraum_046.png
n/amy_20150326_default_031.png
n/leonard_20150305_default_013.png
n/alex_20150305_default_019.png
n/alex_20150305_default_106.png
n/amy_20150305_default_192.png
n/alex_20150305_default_092.png
n/leonard_20150617_default_013.png
n/amy_20150326_default_106.png
n/alex_20150305_default_101.png
n/leonard_20150617_default_001.png
n/leonard_20150617_default_165.png
n/SPQR_Upper_436.png
n/amy_20150326_default_030.png
n/alex_20150305_default_100.png
n/amy_20150305_default_028.png
n/amy_20150326_default_036.png
n/priya_20150520_projektraum_028.png
n/alex_20150305_default_003.png
n/whilwheaton_20150617_default_079.png
n/SPQR_Upper_186.png
n/leonard_20150617_default_110.png
n/alex_20150305_default_084.png
n/alex_20150305_default_088.png
n/priya_20150326_default_374.png
n/sheldon_20150305_default_026.png
n/priya_20150326_default_369.png
n/leonard_20150617_default_097.png
n/priya_20150326_default_090.png
n/SPQR_Upper_184.png
n/SPQR_Upper_191.png
n/alex_20150305_default_014.png
n/mrswolowitz_20150520_projektraum_032.png
n/leonard_20150617_default_099.png
n/priya_20150326_default_046.png
n/leonard_20150617_default_002.png
n/alex_20150305_default_009.png
n/mrswolowitz_20150520_projektraum_061.png
n/SPQR_Upper_178.png
n/priya_20150326_default_047.png
n/amy_20150326_default_046.png
n/alex_20150305_default_029.png
n/kripke_20150326_default_010.png
n/SPQR_Upper_439.png
n/priya_20150326_default_097.png
n/alex_20150305_default_114.png
n/amy_20150326_default_034.png
n/amy_20150326_default_038.png
n/priya_20150326_default_092.png
n/leonard_20150305_default_128.png
n/leonard_20150305_default_026.png
n/SPQR_Upper_187.png
n/alex_20150305_default_010.png
n/kripke_20150326_default_001.png
n/alex_20150305_default_034.png
n/leonard_20150617_default_115.png
n/whilwheaton_20150617_default_178.png
n/whilwheaton_20150617_default_088.png
n/whilwheaton_20150617_default_090.png
n/amy_20150326_default_033.png
n/wilwheaton_20150326_default_260.png
n/leonard_20150305_default_051.png
n/SPQR_Upper_393.png
n/leonard_20150305_default_003.png
n/amy_20150326_default_029.png
n/amy_20150326_default_040.png
n/priya_20150326_default_050.png
n/leonard_20150617_default_160.png
n/priya_20150326_default_089.png
n/leonard_20150617_default_100.png
n/amy_20150305_default_180.png
n/leonard_20150305_default_044.png
n/alex_20150305_default_005.png
n/amy_20150326_default_002.png
n/whilwheaton_20150617_default_084.png
n/leonard_20150305_default_050.png
n/leonard_20150617_default_155.png
n/priya_20150326_default_049.png
n/leonard_20150617_default_156.png
n/amy_20150305_default_172.png
n/leonard_20150617_default_045.png
n/mrswolowitz_20150520_projektraum_071.png
n/alex_20150305_default_037.png
n/leonard_20150305_default_000.png
n/alex_20150305_default_036.png
n/alex_20150305_default_059.png
n/leonard_20150617_default_062.png
n/alex_20150305_default_112.png
n/kripke_20150326_default_000.png
n/leonard_20150617_default_168.png
n/SPQR_Upper_175.png
n/amy_20150305_default_170.png
n/amy_20150305_default_085.png
n/amy_20150326_default_037.png
n/leonard_20150617_default_049.png
n/wilwheaton_20150326_default_016.png
n/whilwheaton_20150617_default_167.png
n/kripke_20150326_default_009.png
n/priya_20150326_default_048.png
n/kripke_20150326_default_006.png
n/leonard_20150617_default_104.png
n/amy_20150326_default_039.png
n/alex_20150305_default_060.png
n/priya_20150326_default_093.png
n/SPQR_Upper_197.png
n/amy_20150305_default_190.png
n/amy_20150305_default_184.png
n/priya_20150326_default_101.png
n/mrswolowitz_20150520_projektraum_056.png
n/amy_20150326_default_035.png
n/mrswolowitz_20150520_projektraum_036.png
n/SPQR_Upper_417.png
n/amy_20150305_default_155.png
n/leonard_20150617_default_166.png
n/leonard_20150617_default_150.png
n/whilwheaton_20150617_default_083.png
n/leonard_20150305_default_002.png
n/mrswolowitz_20150520_projektraum_055.png
n/amy_20150326_default_044.png
n/kripke_20150326_default_015.png
n/leonard_20150305_default_017.png
n/amy_20150326_default_042.png
n/amy_20150305_default_179.png
n/amy_20150326_default_045.png
n/amy_20150305_default_181.png
n/amy_20150305_default_182.png
n/leonard_20150617_default_172.png
n/leonard_20150617_default_011.png
n/SPQR_Upper_192.png
n/whilwheaton_20150617_default_160.png
n/leonard_20150305_default_117.png
n/SPQR_Upper_190.png
n/mrswolowitz_20150520_projektraum_050.png
n/leonard_20150617_default_081.png
n/priya_20150326_default_045.png
n/SPQR_Upper_403.png
n/leonard_20150305_default_115.png
n/SPQR_Upper_445.png
n/SPQR_Upper_177.png
n/whilwheaton_20150617_default_080.png
n/SPQR_Upper_423.png
n/leonard_20150617_default_094.png
n/amy_20150305_default_159.png
n/leonard_20150617_default_030.png
n/leonard_20150617_default_152.png
n/amy_20150326_default_003.png
n/leonard_20150617_default_125.png
n/kripke_20150326_default_008.png
n/whilwheaton_20150617_default_170.png
n/whilwheaton_20150617_default_164.png
n/whilwheaton_20150617_default_087.png
n/priya_20150326_default_376.png
n/sheldon_20150305_default_030.png
n/priya_20150520_projektraum_118.png
n/leonard_20150617_default_043.png
n/priya_20150326_default_375.png
n/priya_20150520_projektraum_033.png
n/priya_20150326_default_381.png
n/priya_20150326_default_368.png
n/priya_20150520_projektraum_009.png
n/priya_20150520_projektraum_044.png
n/priya_20150520_projektraum_034.png
n/priya_20150520_projektraum_016.png
n/priya_20150520_projektraum_038.png
n/priya_20150520_projektraum_126.png
n/priya_20150520_projektraum_133.png
n/priya_20150520_projektraum_147.png
n/priya_20150520_projektraum_150.png
n/priya_20150520_projektraum_137.png
n/priya_20150520_projektraum_143.png
n/priya_20150520_projektraum_364.png
n/sheldon_20150305_default_025.png
n/sheldon_20150305_default_024.png
n/sheldon_20150305_default_023.png
n/priya_20150520_projektraum_367.png
n/sheldon_20150305_default_027.png
n/sheldon_20150305_default_028.png
n/sheldon_20150305_default_029.png
n/SPQR_Upper_155.png
n/SPQR_Upper_167.png
n/SPQR_Upper_170.png
n/whilwheaton_20150617_default_173.png
n/whilwheaton_20150617_default_174.png
n/wilwheaton_20150326_default_006.png
n/whilwheaton_20150617_default_183.png
n/whilwheaton_20150617_default_189.png
n/wilwheaton_20150326_default_000.png
n/wilwheaton_20150326_default_001.png
n/wilwheaton_20150326_default_008.png
n/whilwheaton_20150617_default_358.png
n/wilwheaton_20150326_default_259.png
n/wilwheaton_20150326_default_014.png
n/wilwheaton_20150326_default_263.png
n/wilwheaton_20150326_default_329.png
n/wilwheaton_20150326_default_262.png
n/wilwheaton_20150326_default_015.png
n/wilwheaton_20150326_default_011.png
n/wilwheaton_20150326_default_018.png
n/wilwheaton_20150326_default_017.png
n/wilwheaton_20150326_default_331.png